[ 2016-01-14T00:28:37+08:00 ] 192.168.1.101 /Public/Admin/ztree/css/TreeStyle/zTreeStyle.css
ERR: 无法加载控制器:404

[ 2016-01-14T00:28:37+08:00 ] 192.168.1.101 /Public/Admin/ztree/js/jquery.ztree.core-3.5.js
ERR: 无法加载控制器:404

[ 2016-01-14T00:29:15+08:00 ] 192.168.1.101 /Public/Admin/ztree/css/TreeStyle/zTreeStyle.css
ERR: 无法加载控制器:404

[ 2016-01-14T00:29:22+08:00 ] 192.168.1.101 /Public/Admin/ztree/js/jquery.ztree.core-3.5.js
ERR: 无法加载控制器:404

[ 2016-01-14T00:29:55+08:00 ] 192.168.1.101 /Public/Admin/zTree/css/TreeStyle/zTreeStyle.css
ERR: 无法加载控制器:404

[ 2016-01-14T15:52:49+08:00 ] 192.168.1.101 /index.php/GoodsCategory/addEdit.html
INFO: [ app_begin ] --START--
INFO: Run Behavior\ReadHtmlCacheBehavior [ RunTime:0.000446s ]
INFO: [ app_begin ] --END-- [ RunTime:0.000714s ]
NOTIC: [2048] Declaration of Admin\Model\GoodsCategoryModel::add() should be compatible with Think\Model::add($data = '', $options = Array, $replace = false) /home/www/shop/adminshop/Application/Admin/Model/GoodsCategoryModel.class.php 第 8 行.
NOTIC: [2048] Declaration of Admin\Model\GoodsCategoryModel::save() should be compatible with Think\Model::save($data = '', $options = Array) /home/www/shop/adminshop/Application/Admin/Model/GoodsCategoryModel.class.php 第 8 行.
SQL: SHOW COLUMNS FROM `goods_category` [ RunTime:0.0012s ]

[ 2016-01-14T17:07:15+08:00 ] 192.168.1.101 /index.php/GoodsCategory/addEdit.html
ERR: 1065:Query was empty

[ 2016-01-14T17:23:24+08:00 ] 192.168.1.101 /index.php/GoodsCategory/changeStatus/id/5/status/0.html
INFO: [ app_begin ] --START--
INFO: Run Behavior\ReadHtmlCacheBehavior [ RunTime:0.000496s ]
INFO: [ app_begin ] --END-- [ RunTime:0.000766s ]
NOTIC: [2048] Declaration of Admin\Model\GoodsCategoryModel::add() should be compatible with Think\Model::add($data = '', $options = Array, $replace = false) /home/www/shop/adminshop/Application/Admin/Model/GoodsCategoryModel.class.php 第 9 行.
NOTIC: [2048] Declaration of Admin\Model\GoodsCategoryModel::save() should be compatible with Think\Model::save($data = '', $options = Array) /home/www/shop/adminshop/Application/Admin/Model/GoodsCategoryModel.class.php 第 9 行.
SQL: SHOW COLUMNS FROM `goods_category` [ RunTime:0.0007s ]
SQL: UPDATE `goods_category` SET `status`='0' WHERE `id` IN ('5') [ RunTime:0.0004s ]

[ 2016-01-14T17:52:29+08:00 ] 192.168.1.101 /index.php/GoodsCategory/index.html
INFO: [ app_begin ] --START--
INFO: Run Behavior\ReadHtmlCacheBehavior [ RunTime:0.000444s ]
INFO: [ app_begin ] --END-- [ RunTime:0.000822s ]
NOTIC: [2048] Declaration of Admin\Model\GoodsCategoryModel::add() should be compatible with Think\Model::add($data = '', $options = Array, $replace = false) /home/www/shop/adminshop/Application/Admin/Model/GoodsCategoryModel.class.php 第 9 行.
NOTIC: [2048] Declaration of Admin\Model\GoodsCategoryModel::save() should be compatible with Think\Model::save($data = '', $options = Array) /home/www/shop/adminshop/Application/Admin/Model/GoodsCategoryModel.class.php 第 9 行.
SQL: SHOW COLUMNS FROM `goods_category` [ RunTime:0.0007s ]
SQL: SELECT * FROM `goods_category` WHERE `status` >= 0 ORDER BY `lft`  [ RunTime:0.0004s ]
INFO: [ view_parse ] --START--
INFO: [ template_filter ] --START--
INFO: Run Behavior\ContentReplaceBehavior [ RunTime:0.000114s ]
INFO: [ template_filter ] --END-- [ RunTime:0.000175s ]
NOTIC: [8] Undefined index: kwd /home/www/shop/adminshop/Runtime/Cache/Admin/aa92d78a2ed405206695f9f044c81c21.php 第 38 行.
NOTIC: [8] Undefined variable: pageshow /home/www/shop/adminshop/Runtime/Cache/Admin/aa92d78a2ed405206695f9f044c81c21.php 第 70 行.
INFO: Run Behavior\ParseTemplateBehavior [ RunTime:0.010749s ]
INFO: [ view_parse ] --END-- [ RunTime:0.010796s ]
INFO: [ view_filter ] --START--
INFO: Run Behavior\WriteHtmlCacheBehavior [ RunTime:0.000133s ]
INFO: [ view_filter ] --END-- [ RunTime:0.000175s ]
INFO: [ app_end ] --START--
INFO: Run Behavior\ShowPageTraceBehavior [ RunTime:0.001023s ]
INFO: [ app_end ] --END-- [ RunTime:0.001086s ]

[ 2016-01-14T17:54:07+08:00 ] 192.168.1.101 /index.php/GoodsCategory/index.html
INFO: [ app_begin ] --START--
INFO: Run Behavior\ReadHtmlCacheBehavior [ RunTime:0.000372s ]
INFO: [ app_begin ] --END-- [ RunTime:0.000769s ]
NOTIC: [2048] Declaration of Admin\Model\GoodsCategoryModel::add() should be compatible with Think\Model::add($data = '', $options = Array, $replace = false) /home/www/shop/adminshop/Application/Admin/Model/GoodsCategoryModel.class.php 第 9 行.
NOTIC: [2048] Declaration of Admin\Model\GoodsCategoryModel::save() should be compatible with Think\Model::save($data = '', $options = Array) /home/www/shop/adminshop/Application/Admin/Model/GoodsCategoryModel.class.php 第 9 行.
SQL: SHOW COLUMNS FROM `goods_category` [ RunTime:0.0007s ]
SQL: SELECT * FROM `goods_category` WHERE `status` >= 0 ORDER BY `lft`  [ RunTime:0.0005s ]
INFO: [ view_parse ] --START--
INFO: [ template_filter ] --START--
INFO: Run Behavior\ContentReplaceBehavior [ RunTime:0.000184s ]
INFO: [ template_filter ] --END-- [ RunTime:0.000288s ]
NOTIC: [8] Undefined index: kwd /home/www/shop/adminshop/Runtime/Cache/Admin/aa92d78a2ed405206695f9f044c81c21.php 第 38 行.
NOTIC: [8] Undefined variable: pageshow /home/www/shop/adminshop/Runtime/Cache/Admin/aa92d78a2ed405206695f9f044c81c21.php 第 70 行.
INFO: Run Behavior\ParseTemplateBehavior [ RunTime:0.018129s ]
INFO: [ view_parse ] --END-- [ RunTime:0.018231s ]
INFO: [ view_filter ] --START--
INFO: Run Behavior\WriteHtmlCacheBehavior [ RunTime:0.000373s ]
INFO: [ view_filter ] --END-- [ RunTime:0.000446s ]
INFO: [ app_end ] --START--
INFO: Run Behavior\ShowPageTraceBehavior [ RunTime:0.001097s ]
INFO: [ app_end ] --END-- [ RunTime:0.001196s ]

[ 2016-01-14T17:54:11+08:00 ] 192.168.1.101 /index.php/GoodsCategory/index.html
INFO: [ app_begin ] --START--
INFO: Run Behavior\ReadHtmlCacheBehavior [ RunTime:0.000452s ]
INFO: [ app_begin ] --END-- [ RunTime:0.000752s ]
NOTIC: [2048] Declaration of Admin\Model\GoodsCategoryModel::add() should be compatible with Think\Model::add($data = '', $options = Array, $replace = false) /home/www/shop/adminshop/Application/Admin/Model/GoodsCategoryModel.class.php 第 9 行.
NOTIC: [2048] Declaration of Admin\Model\GoodsCategoryModel::save() should be compatible with Think\Model::save($data = '', $options = Array) /home/www/shop/adminshop/Application/Admin/Model/GoodsCategoryModel.class.php 第 9 行.
SQL: SHOW COLUMNS FROM `goods_category` [ RunTime:0.0007s ]
SQL: SELECT * FROM `goods_category` WHERE `status` >= 0 ORDER BY `lft`  [ RunTime:0.0004s ]
INFO: [ view_parse ] --START--
INFO: [ template_filter ] --START--
INFO: Run Behavior\ContentReplaceBehavior [ RunTime:0.000118s ]
INFO: [ template_filter ] --END-- [ RunTime:0.000186s ]
NOTIC: [8] Undefined index: kwd /home/www/shop/adminshop/Runtime/Cache/Admin/aa92d78a2ed405206695f9f044c81c21.php 第 38 行.
NOTIC: [8] Undefined variable: pageshow /home/www/shop/adminshop/Runtime/Cache/Admin/aa92d78a2ed405206695f9f044c81c21.php 第 70 行.
INFO: Run Behavior\ParseTemplateBehavior [ RunTime:0.013826s ]
INFO: [ view_parse ] --END-- [ RunTime:0.013898s ]
INFO: [ view_filter ] --START--
INFO: Run Behavior\WriteHtmlCacheBehavior [ RunTime:0.000234s ]
INFO: [ view_filter ] --END-- [ RunTime:0.000296s ]
INFO: [ app_end ] --START--
INFO: Run Behavior\ShowPageTraceBehavior [ RunTime:0.001604s ]
INFO: [ app_end ] --END-- [ RunTime:0.001694s ]

[ 2016-01-14T17:55:45+08:00 ] 192.168.1.101 /index.php/GoodsCategory/index.html
INFO: [ app_begin ] --START--
INFO: Run Behavior\ReadHtmlCacheBehavior [ RunTime:0.000506s ]
INFO: [ app_begin ] --END-- [ RunTime:0.000784s ]
NOTIC: [2048] Declaration of Admin\Model\GoodsCategoryModel::add() should be compatible with Think\Model::add($data = '', $options = Array, $replace = false) /home/www/shop/adminshop/Application/Admin/Model/GoodsCategoryModel.class.php 第 9 行.
NOTIC: [2048] Declaration of Admin\Model\GoodsCategoryModel::save() should be compatible with Think\Model::save($data = '', $options = Array) /home/www/shop/adminshop/Application/Admin/Model/GoodsCategoryModel.class.php 第 9 行.
SQL: SHOW COLUMNS FROM `goods_category` [ RunTime:0.0007s ]
SQL: SELECT * FROM `goods_category` WHERE `status` >= 0 ORDER BY `lft`  [ RunTime:0.0004s ]
INFO: [ view_parse ] --START--
INFO: [ template_filter ] --START--
INFO: Run Behavior\ContentReplaceBehavior [ RunTime:0.000242s ]
INFO: [ template_filter ] --END-- [ RunTime:0.000307s ]
NOTIC: [8] Undefined index: kwd /home/www/shop/adminshop/Runtime/Cache/Admin/aa92d78a2ed405206695f9f044c81c21.php 第 38 行.
NOTIC: [8] Undefined variable: pageshow /home/www/shop/adminshop/Runtime/Cache/Admin/aa92d78a2ed405206695f9f044c81c21.php 第 70 行.
INFO: Run Behavior\ParseTemplateBehavior [ RunTime:0.012116s ]
INFO: [ view_parse ] --END-- [ RunTime:0.012163s ]
INFO: [ view_filter ] --START--
INFO: Run Behavior\WriteHtmlCacheBehavior [ RunTime:0.000137s ]
INFO: [ view_filter ] --END-- [ RunTime:0.000274s ]
INFO: [ app_end ] --START--
INFO: Run Behavior\ShowPageTraceBehavior [ RunTime:0.001392s ]
INFO: [ app_end ] --END-- [ RunTime:0.001558s ]

[ 2016-01-14T17:57:24+08:00 ] 192.168.1.101 /index.php/GoodsCategory/index.html
INFO: [ app_begin ] --START--
INFO: Run Behavior\ReadHtmlCacheBehavior [ RunTime:0.000562s ]
INFO: [ app_begin ] --END-- [ RunTime:0.000910s ]
NOTIC: [2048] Declaration of Admin\Model\GoodsCategoryModel::add() should be compatible with Think\Model::add($data = '', $options = Array, $replace = false) /home/www/shop/adminshop/Application/Admin/Model/GoodsCategoryModel.class.php 第 9 行.
NOTIC: [2048] Declaration of Admin\Model\GoodsCategoryModel::save() should be compatible with Think\Model::save($data = '', $options = Array) /home/www/shop/adminshop/Application/Admin/Model/GoodsCategoryModel.class.php 第 9 行.
SQL: SHOW COLUMNS FROM `goods_category` [ RunTime:0.0010s ]
SQL: SELECT * FROM `goods_category` WHERE `status` >= 0 ORDER BY `lft`  [ RunTime:0.0005s ]
INFO: [ view_parse ] --START--
INFO: [ template_filter ] --START--
INFO: Run Behavior\ContentReplaceBehavior [ RunTime:0.000129s ]
INFO: [ template_filter ] --END-- [ RunTime:0.000222s ]
NOTIC: [8] Undefined index: kwd /home/www/shop/adminshop/Runtime/Cache/Admin/aa92d78a2ed405206695f9f044c81c21.php 第 38 行.
NOTIC: [8] Undefined variable: pageshow /home/www/shop/adminshop/Runtime/Cache/Admin/aa92d78a2ed405206695f9f044c81c21.php 第 70 行.
INFO: Run Behavior\ParseTemplateBehavior [ RunTime:0.017148s ]
INFO: [ view_parse ] --END-- [ RunTime:0.017369s ]
INFO: [ view_filter ] --START--
INFO: Run Behavior\WriteHtmlCacheBehavior [ RunTime:0.000171s ]
INFO: [ view_filter ] --END-- [ RunTime:0.000216s ]
INFO: [ app_end ] --START--
INFO: Run Behavior\ShowPageTraceBehavior [ RunTime:0.000425s ]
INFO: [ app_end ] --END-- [ RunTime:0.000479s ]

[ 2016-01-14T17:57:27+08:00 ] 192.168.1.101 /index.php/GoodsCategory/index.html
INFO: [ app_begin ] --START--
INFO: Run Behavior\ReadHtmlCacheBehavior [ RunTime:0.000462s ]
INFO: [ app_begin ] --END-- [ RunTime:0.000737s ]
NOTIC: [2048] Declaration of Admin\Model\GoodsCategoryModel::add() should be compatible with Think\Model::add($data = '', $options = Array, $replace = false) /home/www/shop/adminshop/Application/Admin/Model/GoodsCategoryModel.class.php 第 9 行.
NOTIC: [2048] Declaration of Admin\Model\GoodsCategoryModel::save() should be compatible with Think\Model::save($data = '', $options = Array) /home/www/shop/adminshop/Application/Admin/Model/GoodsCategoryModel.class.php 第 9 行.
SQL: SHOW COLUMNS FROM `goods_category` [ RunTime:0.0007s ]
SQL: SELECT * FROM `goods_category` WHERE `status` >= 0 ORDER BY `lft`  [ RunTime:0.0004s ]
INFO: [ view_parse ] --START--
INFO: [ template_filter ] --START--
INFO: Run Behavior\ContentReplaceBehavior [ RunTime:0.000117s ]
INFO: [ template_filter ] --END-- [ RunTime:0.000174s ]
NOTIC: [8] Undefined index: kwd /home/www/shop/adminshop/Runtime/Cache/Admin/aa92d78a2ed405206695f9f044c81c21.php 第 38 行.
NOTIC: [8] Undefined variable: pageshow /home/www/shop/adminshop/Runtime/Cache/Admin/aa92d78a2ed405206695f9f044c81c21.php 第 70 行.
INFO: Run Behavior\ParseTemplateBehavior [ RunTime:0.012233s ]
INFO: [ view_parse ] --END-- [ RunTime:0.012281s ]
INFO: [ view_filter ] --START--
INFO: Run Behavior\WriteHtmlCacheBehavior [ RunTime:0.000145s ]
INFO: [ view_filter ] --END-- [ RunTime:0.000241s ]
INFO: [ app_end ] --START--
INFO: Run Behavior\ShowPageTraceBehavior [ RunTime:0.001393s ]
INFO: [ app_end ] --END-- [ RunTime:0.001514s ]

[ 2016-01-14T17:57:31+08:00 ] 192.168.1.101 /index.php/GoodsCategory/index.html
INFO: [ app_begin ] --START--
INFO: Run Behavior\ReadHtmlCacheBehavior [ RunTime:0.000503s ]
INFO: [ app_begin ] --END-- [ RunTime:0.000896s ]
NOTIC: [2048] Declaration of Admin\Model\GoodsCategoryModel::add() should be compatible with Think\Model::add($data = '', $options = Array, $replace = false) /home/www/shop/adminshop/Application/Admin/Model/GoodsCategoryModel.class.php 第 9 行.
NOTIC: [2048] Declaration of Admin\Model\GoodsCategoryModel::save() should be compatible with Think\Model::save($data = '', $options = Array) /home/www/shop/adminshop/Application/Admin/Model/GoodsCategoryModel.class.php 第 9 行.
SQL: SHOW COLUMNS FROM `goods_category` [ RunTime:0.0007s ]
SQL: SELECT * FROM `goods_category` WHERE `status` >= 0 ORDER BY `lft`  [ RunTime:0.0004s ]
INFO: [ view_parse ] --START--
INFO: [ template_filter ] --START--
INFO: Run Behavior\ContentReplaceBehavior [ RunTime:0.000205s ]
INFO: [ template_filter ] --END-- [ RunTime:0.000276s ]
NOTIC: [8] Undefined index: kwd /home/www/shop/adminshop/Runtime/Cache/Admin/aa92d78a2ed405206695f9f044c81c21.php 第 38 行.
NOTIC: [8] Undefined variable: pageshow /home/www/shop/adminshop/Runtime/Cache/Admin/aa92d78a2ed405206695f9f044c81c21.php 第 70 行.
INFO: Run Behavior\ParseTemplateBehavior [ RunTime:0.012220s ]
INFO: [ view_parse ] --END-- [ RunTime:0.012271s ]
INFO: [ view_filter ] --START--
INFO: Run Behavior\WriteHtmlCacheBehavior [ RunTime:0.000158s ]
INFO: [ view_filter ] --END-- [ RunTime:0.000202s ]
INFO: [ app_end ] --START--
INFO: Run Behavior\ShowPageTraceBehavior [ RunTime:0.001145s ]
INFO: [ app_end ] --END-- [ RunTime:0.001224s ]

[ 2016-01-14T17:57:33+08:00 ] 192.168.1.101 /index.php/GoodsCategory/index.html
INFO: [ app_begin ] --START--
INFO: Run Behavior\ReadHtmlCacheBehavior [ RunTime:0.000459s ]
INFO: [ app_begin ] --END-- [ RunTime:0.000735s ]
NOTIC: [2048] Declaration of Admin\Model\GoodsCategoryModel::add() should be compatible with Think\Model::add($data = '', $options = Array, $replace = false) /home/www/shop/adminshop/Application/Admin/Model/GoodsCategoryModel.class.php 第 9 行.
NOTIC: [2048] Declaration of Admin\Model\GoodsCategoryModel::save() should be compatible with Think\Model::save($data = '', $options = Array) /home/www/shop/adminshop/Application/Admin/Model/GoodsCategoryModel.class.php 第 9 行.
SQL: SHOW COLUMNS FROM `goods_category` [ RunTime:0.0008s ]
SQL: SELECT * FROM `goods_category` WHERE `status` >= 0 ORDER BY `lft`  [ RunTime:0.0005s ]
INFO: [ view_parse ] --START--
INFO: [ template_filter ] --START--
INFO: Run Behavior\ContentReplaceBehavior [ RunTime:0.000211s ]
INFO: [ template_filter ] --END-- [ RunTime:0.000281s ]
NOTIC: [8] Undefined index: kwd /home/www/shop/adminshop/Runtime/Cache/Admin/aa92d78a2ed405206695f9f044c81c21.php 第 38 行.
NOTIC: [8] Undefined variable: pageshow /home/www/shop/adminshop/Runtime/Cache/Admin/aa92d78a2ed405206695f9f044c81c21.php 第 70 行.
INFO: Run Behavior\ParseTemplateBehavior [ RunTime:0.013003s ]
INFO: [ view_parse ] --END-- [ RunTime:0.013052s ]
INFO: [ view_filter ] --START--
INFO: Run Behavior\WriteHtmlCacheBehavior [ RunTime:0.000246s ]
INFO: [ view_filter ] --END-- [ RunTime:0.000289s ]
INFO: [ app_end ] --START--
INFO: Run Behavior\ShowPageTraceBehavior [ RunTime:0.000919s ]
INFO: [ app_end ] --END-- [ RunTime:0.001422s ]

[ 2016-01-14T17:59:59+08:00 ] 192.168.1.101 /index.php/GoodsCategory/changeStatus/id/11/status/1.html
INFO: [ app_begin ] --START--
INFO: Run Behavior\ReadHtmlCacheBehavior [ RunTime:0.000463s ]
INFO: [ app_begin ] --END-- [ RunTime:0.000823s ]
NOTIC: [2048] Declaration of Admin\Model\GoodsCategoryModel::add() should be compatible with Think\Model::add($data = '', $options = Array, $replace = false) /home/www/shop/adminshop/Application/Admin/Model/GoodsCategoryModel.class.php 第 9 行.
NOTIC: [2048] Declaration of Admin\Model\GoodsCategoryModel::save() should be compatible with Think\Model::save($data = '', $options = Array) /home/www/shop/adminshop/Application/Admin/Model/GoodsCategoryModel.class.php 第 9 行.
SQL: SHOW COLUMNS FROM `goods_category` [ RunTime:0.0007s ]

[ 2016-01-14T18:00:27+08:00 ] 192.168.1.101 /index.php/GoodsCategory/changeStatus/id/11/status/1.html
INFO: [ app_begin ] --START--
INFO: Run Behavior\ReadHtmlCacheBehavior [ RunTime:0.000476s ]
INFO: [ app_begin ] --END-- [ RunTime:0.000811s ]
NOTIC: [2048] Declaration of Admin\Model\GoodsCategoryModel::add() should be compatible with Think\Model::add($data = '', $options = Array, $replace = false) /home/www/shop/adminshop/Application/Admin/Model/GoodsCategoryModel.class.php 第 9 行.
NOTIC: [2048] Declaration of Admin\Model\GoodsCategoryModel::save() should be compatible with Think\Model::save($data = '', $options = Array) /home/www/shop/adminshop/Application/Admin/Model/GoodsCategoryModel.class.php 第 9 行.
SQL: SHOW COLUMNS FROM `goods_category` [ RunTime:0.0008s ]
SQL: SELECT child.id FROM  goods_category AS child, goods_category AS parent WHERE parent.id = 11 AND child.`lft` >= parent.`lft` AND child.rgt <= parent.`rgt` [ RunTime:0.0003s ]
SQL: UPDATE `goods_category` SET `status`='1' WHERE `id` IN ('11','12','13') [ RunTime:0.0002s ]

[ 2016-01-14T18:00:42+08:00 ] 192.168.1.101 /index.php/GoodsCategory/addEdit/id/11.html
INFO: [ app_begin ] --START--
INFO: Run Behavior\ReadHtmlCacheBehavior [ RunTime:0.000431s ]
INFO: [ app_begin ] --END-- [ RunTime:0.000787s ]
NOTIC: [2048] Declaration of Admin\Model\GoodsCategoryModel::add() should be compatible with Think\Model::add($data = '', $options = Array, $replace = false) /home/www/shop/adminshop/Application/Admin/Model/GoodsCategoryModel.class.php 第 9 行.
NOTIC: [2048] Declaration of Admin\Model\GoodsCategoryModel::save() should be compatible with Think\Model::save($data = '', $options = Array) /home/www/shop/adminshop/Application/Admin/Model/GoodsCategoryModel.class.php 第 9 行.
SQL: SHOW COLUMNS FROM `goods_category` [ RunTime:0.0009s ]
SQL: SELECT * FROM `goods_category` WHERE `status` > -1 AND `id` = 11 LIMIT 1   [ RunTime:0.0003s ]
SQL: SELECT `id`,`name`,`parent_id` FROM `goods_category` WHERE `status` >= 0 ORDER BY `lft`  [ RunTime:0.0003s ]
INFO: [ view_parse ] --START--
INFO: [ template_filter ] --START--
INFO: Run Behavior\ContentReplaceBehavior [ RunTime:0.000135s ]
INFO: [ template_filter ] --END-- [ RunTime:0.000198s ]
INFO: Run Behavior\ParseTemplateBehavior [ RunTime:0.008159s ]
INFO: [ view_parse ] --END-- [ RunTime:0.008222s ]
INFO: [ view_filter ] --START--
INFO: Run Behavior\WriteHtmlCacheBehavior [ RunTime:0.000132s ]
INFO: [ view_filter ] --END-- [ RunTime:0.000244s ]
INFO: [ app_end ] --START--
INFO: Run Behavior\ShowPageTraceBehavior [ RunTime:0.000872s ]
INFO: [ app_end ] --END-- [ RunTime:0.000937s ]

[ 2016-01-14T18:00:45+08:00 ] 192.168.1.101 /index.php/GoodsCategory/addEdit/id/11.html
INFO: [ app_begin ] --START--
INFO: Run Behavior\ReadHtmlCacheBehavior [ RunTime:0.000445s ]
INFO: [ app_begin ] --END-- [ RunTime:0.000791s ]
NOTIC: [2048] Declaration of Admin\Model\GoodsCategoryModel::add() should be compatible with Think\Model::add($data = '', $options = Array, $replace = false) /home/www/shop/adminshop/Application/Admin/Model/GoodsCategoryModel.class.php 第 9 行.
NOTIC: [2048] Declaration of Admin\Model\GoodsCategoryModel::save() should be compatible with Think\Model::save($data = '', $options = Array) /home/www/shop/adminshop/Application/Admin/Model/GoodsCategoryModel.class.php 第 9 行.
SQL: SHOW COLUMNS FROM `goods_category` [ RunTime:0.0011s ]
SQL: SELECT * FROM `goods_category` WHERE `status` > -1 AND `id` = 11 LIMIT 1   [ RunTime:0.0002s ]
SQL: SELECT `id`,`name`,`parent_id` FROM `goods_category` WHERE `status` >= 0 ORDER BY `lft`  [ RunTime:0.0002s ]
INFO: [ view_parse ] --START--
INFO: [ template_filter ] --START--
INFO: Run Behavior\ContentReplaceBehavior [ RunTime:0.000175s ]
INFO: [ template_filter ] --END-- [ RunTime:0.000245s ]
INFO: Run Behavior\ParseTemplateBehavior [ RunTime:0.008220s ]
INFO: [ view_parse ] --END-- [ RunTime:0.008276s ]
INFO: [ view_filter ] --START--
INFO: Run Behavior\WriteHtmlCacheBehavior [ RunTime:0.000130s ]
INFO: [ view_filter ] --END-- [ RunTime:0.000172s ]
INFO: [ app_end ] --START--
INFO: Run Behavior\ShowPageTraceBehavior [ RunTime:0.001080s ]
INFO: [ app_end ] --END-- [ RunTime:0.001147s ]

[ 2016-01-14T18:00:47+08:00 ] 192.168.1.101 /index.php/GoodsCategory/addEdit/id/11.html
INFO: [ app_begin ] --START--
INFO: Run Behavior\ReadHtmlCacheBehavior [ RunTime:0.000722s ]
INFO: [ app_begin ] --END-- [ RunTime:0.001078s ]
NOTIC: [2048] Declaration of Admin\Model\GoodsCategoryModel::add() should be compatible with Think\Model::add($data = '', $options = Array, $replace = false) /home/www/shop/adminshop/Application/Admin/Model/GoodsCategoryModel.class.php 第 9 行.
NOTIC: [2048] Declaration of Admin\Model\GoodsCategoryModel::save() should be compatible with Think\Model::save($data = '', $options = Array) /home/www/shop/adminshop/Application/Admin/Model/GoodsCategoryModel.class.php 第 9 行.
SQL: SHOW COLUMNS FROM `goods_category` [ RunTime:0.0007s ]
SQL: SELECT * FROM `goods_category` WHERE `status` > -1 AND `id` = 11 LIMIT 1   [ RunTime:0.0002s ]
SQL: SELECT `id`,`name`,`parent_id` FROM `goods_category` WHERE `status` >= 0 ORDER BY `lft`  [ RunTime:0.0002s ]
INFO: [ view_parse ] --START--
INFO: [ template_filter ] --START--
INFO: Run Behavior\ContentReplaceBehavior [ RunTime:0.000230s ]
INFO: [ template_filter ] --END-- [ RunTime:0.000295s ]
INFO: Run Behavior\ParseTemplateBehavior [ RunTime:0.008355s ]
INFO: [ view_parse ] --END-- [ RunTime:0.008420s ]
INFO: [ view_filter ] --START--
INFO: Run Behavior\WriteHtmlCacheBehavior [ RunTime:0.000133s ]
INFO: [ view_filter ] --END-- [ RunTime:0.000175s ]
INFO: [ app_end ] --START--
INFO: Run Behavior\ShowPageTraceBehavior [ RunTime:0.000749s ]
INFO: [ app_end ] --END-- [ RunTime:0.000812s ]

[ 2016-01-14T18:01:04+08:00 ] 192.168.1.101 /index.php/GoodsCategory/addEdit.html
INFO: [ app_begin ] --START--
INFO: Run Behavior\ReadHtmlCacheBehavior [ RunTime:0.000511s ]
INFO: [ app_begin ] --END-- [ RunTime:0.000888s ]
NOTIC: [2048] Declaration of Admin\Model\GoodsCategoryModel::add() should be compatible with Think\Model::add($data = '', $options = Array, $replace = false) /home/www/shop/adminshop/Application/Admin/Model/GoodsCategoryModel.class.php 第 9 行.
NOTIC: [2048] Declaration of Admin\Model\GoodsCategoryModel::save() should be compatible with Think\Model::save($data = '', $options = Array) /home/www/shop/adminshop/Application/Admin/Model/GoodsCategoryModel.class.php 第 9 行.
SQL: SHOW COLUMNS FROM `goods_category` [ RunTime:0.0007s ]
NOTIC: [4096] Argument 2 passed to Admin\Model\DbMysqlInterfaceImpModel::getRow() must be of the type array, string given, called in /home/www/shop/adminshop/Application/Admin/Service/NestedSetsService.class.php on line 572 and defined /home/www/shop/adminshop/Application/Admin/Model/DbMysqlInterfaceImpModel.class.php 第 85 行.
NOTIC: [8] Undefined offset: 7 /home/www/shop/adminshop/Application/Admin/Model/DbMysqlInterfaceImpModel.class.php 第 122 行.
SQL: SELECT parent_id, lft, rgt, level FROM goods_category WHERE id = 11 [ RunTime:0.0002s ]
NOTIC: [4096] Argument 2 passed to Admin\Model\DbMysqlInterfaceImpModel::getRow() must be of the type array, string given, called in /home/www/shop/adminshop/Application/Admin/Service/NestedSetsService.class.php on line 572 and defined /home/www/shop/adminshop/Application/Admin/Model/DbMysqlInterfaceImpModel.class.php 第 85 行.
NOTIC: [8] Undefined offset: 7 /home/www/shop/adminshop/Application/Admin/Model/DbMysqlInterfaceImpModel.class.php 第 122 行.
SQL: SELECT parent_id, lft, rgt, level FROM goods_category WHERE id = 0 [ RunTime:0.0002s ]
NOTIC: [4096] Argument 2 passed to Admin\Model\DbMysqlInterfaceImpModel::getOne() must be of the type array, string given, called in /home/www/shop/adminshop/Application/Admin/Service/NestedSetsService.class.php on line 310 and defined /home/www/shop/adminshop/Application/Admin/Model/DbMysqlInterfaceImpModel.class.php 第 102 行.
NOTIC: [8] Undefined offset: 2 /home/www/shop/adminshop/Application/Admin/Model/DbMysqlInterfaceImpModel.class.php 第 122 行.
SQL: SELECT MAX(rgt) FROM goods_category [ RunTime:0.0001s ]
SQL: UPDATE `goods_category` SET `name`='电脑、办公',`parent_id`='0',`intro`='办公',`status`='0' WHERE `id` = 11 [ RunTime:0.0003s ]

[ 2016-01-14T18:01:09+08:00 ] 192.168.1.101 /index.php/GoodsCategory/changeStatus/id/11/status/1.html
INFO: [ app_begin ] --START--
INFO: Run Behavior\ReadHtmlCacheBehavior [ RunTime:0.000434s ]
INFO: [ app_begin ] --END-- [ RunTime:0.000718s ]
NOTIC: [2048] Declaration of Admin\Model\GoodsCategoryModel::add() should be compatible with Think\Model::add($data = '', $options = Array, $replace = false) /home/www/shop/adminshop/Application/Admin/Model/GoodsCategoryModel.class.php 第 9 行.
NOTIC: [2048] Declaration of Admin\Model\GoodsCategoryModel::save() should be compatible with Think\Model::save($data = '', $options = Array) /home/www/shop/adminshop/Application/Admin/Model/GoodsCategoryModel.class.php 第 9 行.
SQL: SHOW COLUMNS FROM `goods_category` [ RunTime:0.0007s ]
SQL: SELECT child.id FROM  goods_category AS child, goods_category AS parent WHERE parent.id = 11 AND child.`lft` >= parent.`lft` AND child.rgt <= parent.`rgt` [ RunTime:0.0003s ]
SQL: UPDATE `goods_category` SET `status`='1' WHERE `id` IN ('11','12','13') [ RunTime:0.0004s ]

[ 2016-01-14T18:02:26+08:00 ] 192.168.1.101 /index.php/Brand/
ERR: 非法操作:index.php

[ 2016-01-14T18:07:02+08:00 ] 192.168.1.101 /index.php/Brand/__BRAND__%3C!DOCTYPE%20html%20PUBLIC%20%22-//W3C//DTD%20XHTML%201.0%20Transitional//EN%22%20%22http://www.w3.org/TR/xhtml1/DTD/xhtml1-transitional.dtd%22%3E%3Chtml%20xmlns=%22http://www.w3.org/1999/xhtml%22%3E%3Chead%3E%3Cmeta%20http-equiv=%22Content-Type%22%20content=%22text/html;%20charset=utf-8%22%20/%3E%3Ctitle%3E%E8%B7%B3%E8%BD%AC%E6%8F%90%E7%A4%BA%3C/title%3E%3Cstyle%20type=%22text/css%22%3E*%7B%20padding:%200;%20margin:%200;%20%7Dbody%7B%20background:%20
ERR: 非法操作:__BRAND__

[ 2016-01-14T18:09:11+08:00 ] 192.168.1.101 /index.php/Brand/
ERR: 非法操作:index.php

[ 2016-01-14T18:11:24+08:00 ] 192.168.1.101 /index.php/Brand/
ERR: 非法操作:index.php

[ 2016-01-14T18:14:09+08:00 ] 192.168.1.101 /index.php/Brand/
ERR: 非法操作:index.php

[ 2016-01-14T18:14:23+08:00 ] 192.168.1.101 /index.php/Brand/
ERR: 非法操作:index.php

[ 2016-01-14T18:18:03+08:00 ] 192.168.1.101 /Public/Admin/uploadify/undefined
ERR: 无法加载控制器:Public

[ 2016-01-14T18:18:03+08:00 ] 192.168.1.101 /Public/Admin/uploadify/undefined
ERR: 无法加载控制器:Public

[ 2016-01-14T18:18:21+08:00 ] 192.168.1.101 /Public/Admin/uploadify/undefined
ERR: 无法加载控制器:Public

[ 2016-01-14T20:23:38+08:00 ] 192.168.1.101 /index.php/Brand/
ERR: 非法操作:index.php

[ 2016-01-14T20:45:14+08:00 ] 192.168.1.101 /index.php/Brand/
ERR: 非法操作:index.php

[ 2016-01-14T21:10:34+08:00 ] 192.168.1.101 /index.php/Brand/
ERR: 非法操作:index.php

[ 2016-01-14T21:17:27+08:00 ] 192.168.1.101 /index.php/Brand/
ERR: 非法操作:index.php

[ 2016-01-14T21:19:06+08:00 ] 192.168.1.101 /index.php/Brand/
ERR: 非法操作:index.php

[ 2016-01-14T21:25:32+08:00 ] 192.168.1.101 /index.php/Brand/
ERR: 非法操作:index.php

[ 2016-01-14T21:29:08+08:00 ] 192.168.1.101 /index.php/Brand/
ERR: 非法操作:index.php

[ 2016-01-14T21:30:32+08:00 ] 192.168.1.101 /index.php/Brand/
ERR: 非法操作:index.php

[ 2016-01-14T21:32:22+08:00 ] 192.168.1.101 /index.php/Brand/
ERR: 非法操作:index.php

[ 2016-01-14T21:35:21+08:00 ] 192.168.1.101 /index.php/Brand/
ERR: 非法操作:index.php

[ 2016-01-14T21:36:12+08:00 ] 192.168.1.101 /index.php/Brand/
ERR: 非法操作:index.php

[ 2016-01-14T21:38:39+08:00 ] 192.168.1.101 /index.php/Brand/
ERR: 非法操作:index.php

[ 2016-01-14T21:41:07+08:00 ] 192.168.1.101 /index.php/Brand/
ERR: 非法操作:index.php

[ 2016-01-14T21:47:33+08:00 ] 192.168.1.101 /index.php/Brand/
ERR: 非法操作:index.php

[ 2016-01-14T21:57:21+08:00 ] 192.168.1.101 /index.php/Brand/
ERR: 非法操作:index.php

[ 2016-01-14T22:06:33+08:00 ] 192.168.1.101 /index.php/Brand/
ERR: 非法操作:index.php

[ 2016-01-14T22:09:57+08:00 ] 192.168.1.101 /index.php/Brand/
ERR: 非法操作:index.php

[ 2016-01-14T22:20:35+08:00 ] 192.168.1.101 /index.php/Brand/
ERR: 非法操作:index.php

[ 2016-01-14T22:22:04+08:00 ] 192.168.1.101 /index.php/Brand/
ERR: 非法操作:index.php

[ 2016-01-14T22:43:37+08:00 ] 192.168.1.101 /index.php/Brand/
ERR: 非法操作:index.php

[ 2016-01-14T22:45:24+08:00 ] 192.168.1.101 /index.php/Brand/
ERR: 非法操作:index.php

[ 2016-01-14T22:46:25+08:00 ] 192.168.1.101 /index.php/Brand/
ERR: 非法操作:index.php

[ 2016-01-14T22:47:20+08:00 ] 192.168.1.101 /index.php/Brand/
ERR: 非法操作:index.php

[ 2016-01-14T22:47:51+08:00 ] 192.168.1.101 /index.php/Brand/
ERR: 非法操作:index.php

[ 2016-01-14T22:48:28+08:00 ] 192.168.1.101 /index.php/Brand/
ERR: 非法操作:index.php

[ 2016-01-14T23:00:19+08:00 ] 192.168.1.101 /index.php/Brand/
ERR: 非法操作:index.php

[ 2016-01-14T23:00:43+08:00 ] 192.168.1.101 /index.php/Brand/
ERR: 非法操作:index.php

[ 2016-01-14T23:01:18+08:00 ] 192.168.1.101 /Uploads/%3C!DOCTYPE%20html%20PUBLIC%20%22-//W3C//DTD%20XHTML%201.0%20Transitional//EN%22%20%22http://www.w3.org/TR/xhtml1/DTD/xhtml1-transitional.dtd%22%3E%3Chtml%20xmlns=%22http://www.w3.org/1999/xhtml%22%3E%3Chead%3E%3Cmeta%20http-equiv=%22Content-Type%22%20content=%22text/html;%20charset=utf-8%22%20/%3E%3Ctitle%3E%E8%B7%B3%E8%BD%AC%E6%8F%90%E7%A4%BA%3C/title%3E%3Cstyle%20type=%22text/css%22%3E*%7B%20padding:%200;%20margin:%200;%20%7Dbody%7B%20background:%20
ERR: 无法加载控制器:Uploads

[ 2016-01-14T23:03:37+08:00 ] 192.168.1.101 /index.php/Brand/
ERR: 非法操作:index.php

[ 2016-01-14T23:04:02+08:00 ] 192.168.1.101 /Uploads/%3C!DOCTYPE%20html%20PUBLIC%20%22-//W3C//DTD%20XHTML%201.0%20Transitional//EN%22%20%22http://www.w3.org/TR/xhtml1/DTD/xhtml1-transitional.dtd%22%3E%3Chtml%20xmlns=%22http://www.w3.org/1999/xhtml%22%3E%3Chead%3E%3Cmeta%20http-equiv=%22Content-Type%22%20content=%22text/html;%20charset=utf-8%22%20/%3E%3Ctitle%3E%E8%B7%B3%E8%BD%AC%E6%8F%90%E7%A4%BA%3C/title%3E%3Cstyle%20type=%22text/css%22%3E*%7B%20padding:%200;%20margin:%200;%20%7Dbody%7B%20background:%20
ERR: 无法加载控制器:Uploads

[ 2016-01-14T23:04:38+08:00 ] 192.168.1.101 /index.php/Brand/
ERR: 非法操作:index.php

[ 2016-01-14T23:04:49+08:00 ] 192.168.1.101 /Uploads/%3C!DOCTYPE%20html%20PUBLIC%20%22-//W3C//DTD%20XHTML%201.0%20Transitional//EN%22%20%22http://www.w3.org/TR/xhtml1/DTD/xhtml1-transitional.dtd%22%3E%3Chtml%20xmlns=%22http://www.w3.org/1999/xhtml%22%3E%3Chead%3E%3Cmeta%20http-equiv=%22Content-Type%22%20content=%22text/html;%20charset=utf-8%22%20/%3E%3Ctitle%3E%E8%B7%B3%E8%BD%AC%E6%8F%90%E7%A4%BA%3C/title%3E%3Cstyle%20type=%22text/css%22%3E*%7B%20padding:%200;%20margin:%200;%20%7Dbody%7B%20background:%20
ERR: 无法加载控制器:Uploads

[ 2016-01-14T23:05:29+08:00 ] 192.168.1.101 /index.php/Brand/
ERR: 非法操作:index.php

[ 2016-01-14T23:06:11+08:00 ] 192.168.1.101 /index.php/Brand/addEdit.html
INFO: [ app_begin ] --START--
INFO: Run Behavior\ReadHtmlCacheBehavior [ RunTime:0.000685s ]
INFO: [ app_begin ] --END-- [ RunTime:0.001203s ]
SQL: SHOW COLUMNS FROM `brand` [ RunTime:0.0007s ]
SQL: SELECT * FROM `brand` WHERE `NAME` = '华为' LIMIT 1   [ RunTime:0.0005s ]
SQL: INSERT INTO `brand` (`url`,`logo`,`sort`,`intro`,`id`) VALUES ('www.huawei.com','Brand/2016-01-14/5697b93c14e46.jpg','20','华为手机','0') [ RunTime:0.0005s ]

[ 2016-01-14T23:31:12+08:00 ] 192.168.1.101 /index.php/Brand/
ERR: 非法操作:index.php

[ 2016-01-14T23:31:57+08:00 ] 192.168.1.101 /Uploads/%3C!DOCTYPE%20html%20PUBLIC%20%22-//W3C//DTD%20XHTML%201.0%20Transitional//EN%22%20%22http://www.w3.org/TR/xhtml1/DTD/xhtml1-transitional.dtd%22%3E%3Chtml%20xmlns=%22http://www.w3.org/1999/xhtml%22%3E%3Chead%3E%3Cmeta%20http-equiv=%22Content-Type%22%20content=%22text/html;%20charset=utf-8%22%20/%3E%3Ctitle%3E%E8%B7%B3%E8%BD%AC%E6%8F%90%E7%A4%BA%3C/title%3E%3Cstyle%20type=%22text/css%22%3E*%7B%20padding:%200;%20margin:%200;%20%7Dbody%7B%20background:%20
ERR: 无法加载控制器:Uploads

[ 2016-01-14T23:32:19+08:00 ] 192.168.1.101 /index.php/Brand/
ERR: 非法操作:index.php

[ 2016-01-14T23:32:29+08:00 ] 192.168.1.101 /Uploads/%3C!DOCTYPE%20html%20PUBLIC%20%22-//W3C//DTD%20XHTML%201.0%20Transitional//EN%22%20%22http://www.w3.org/TR/xhtml1/DTD/xhtml1-transitional.dtd%22%3E%3Chtml%20xmlns=%22http://www.w3.org/1999/xhtml%22%3E%3Chead%3E%3Cmeta%20http-equiv=%22Content-Type%22%20content=%22text/html;%20charset=utf-8%22%20/%3E%3Ctitle%3E%E8%B7%B3%E8%BD%AC%E6%8F%90%E7%A4%BA%3C/title%3E%3Cstyle%20type=%22text/css%22%3E*%7B%20padding:%200;%20margin:%200;%20%7Dbody%7B%20background:%20
ERR: 无法加载控制器:Uploads

[ 2016-01-14T23:37:50+08:00 ] 192.168.1.101 /index.php/Brand/
ERR: 非法操作:index.php

[ 2016-01-14T23:38:06+08:00 ] 192.168.1.101 /Uploads/2016-01-14/5697c0d786a2b.jpg
ERR: 无法加载控制器:404

[ 2016-01-14T23:43:24+08:00 ] 192.168.1.101 /index.php/Brand/
ERR: 非法操作:index.php

[ 2016-01-14T23:44:04+08:00 ] 192.168.1.101 /index.php/Brand/addEdit.html
INFO: [ app_begin ] --START--
INFO: Run Behavior\ReadHtmlCacheBehavior [ RunTime:0.000457s ]
INFO: [ app_begin ] --END-- [ RunTime:0.000794s ]
SQL: SHOW COLUMNS FROM `brand` [ RunTime:0.0007s ]
SQL: SELECT * FROM `brand` WHERE `NAME` = '酷派大神' LIMIT 1   [ RunTime:0.0002s ]
SQL: INSERT INTO `brand` (`url`,`logo`,`sort`,`intro`,`id`) VALUES ('www.kupai.com','2016-01-14/5697c232ce3c6.jpg','20','酷派手机','0') [ RunTime:0.0003s ]

