[ 2016-01-09T09:20:07+08:00 ] 192.168.3.41 /index.php/Supplier/changeStatus/id/13/status/0.html
INFO: [ app_begin ] --START--
INFO: Run Behavior\ReadHtmlCacheBehavior [ RunTime:0.000429s ]
INFO: [ app_begin ] --END-- [ RunTime:0.000741s ]
SQL: SHOW COLUMNS FROM `supplier` [ RunTime:0.0006s ]
SQL: UPDATE `supplier` SET `STATUS`='0' WHERE `id` = 13 [ RunTime:0.0310s ]

[ 2016-01-09T09:20:10+08:00 ] 192.168.3.41 /index.php/Supplier/changeStatus/id/13/status/1.html
INFO: [ app_begin ] --START--
INFO: Run Behavior\ReadHtmlCacheBehavior [ RunTime:0.000460s ]
INFO: [ app_begin ] --END-- [ RunTime:0.000740s ]
SQL: SHOW COLUMNS FROM `supplier` [ RunTime:0.0006s ]
SQL: UPDATE `supplier` SET `STATUS`='1' WHERE `id` = 13 [ RunTime:0.0003s ]

[ 2016-01-09T09:20:12+08:00 ] 192.168.3.41 /index.php/Supplier/changeStatus/id/13/status/0.html
INFO: [ app_begin ] --START--
INFO: Run Behavior\ReadHtmlCacheBehavior [ RunTime:0.000498s ]
INFO: [ app_begin ] --END-- [ RunTime:0.000820s ]
SQL: SHOW COLUMNS FROM `supplier` [ RunTime:0.0006s ]
SQL: UPDATE `supplier` SET `STATUS`='0' WHERE `id` = 13 [ RunTime:0.0002s ]

[ 2016-01-09T09:20:14+08:00 ] 192.168.3.41 /index.php/Supplier/changeStatus/id/13/status/1.html
INFO: [ app_begin ] --START--
INFO: Run Behavior\ReadHtmlCacheBehavior [ RunTime:0.000439s ]
INFO: [ app_begin ] --END-- [ RunTime:0.000792s ]
SQL: SHOW COLUMNS FROM `supplier` [ RunTime:0.0008s ]
SQL: UPDATE `supplier` SET `STATUS`='1' WHERE `id` = 13 [ RunTime:0.0003s ]

[ 2016-01-09T09:20:32+08:00 ] 192.168.3.41 /index.php/Supplier/changeStatus/id/13/status/0.html
INFO: [ app_begin ] --START--
INFO: Run Behavior\ReadHtmlCacheBehavior [ RunTime:0.000452s ]
INFO: [ app_begin ] --END-- [ RunTime:0.000781s ]
SQL: SHOW COLUMNS FROM `supplier` [ RunTime:0.0007s ]
SQL: UPDATE `supplier` SET `STATUS`='0' WHERE `id` = 13 [ RunTime:0.0004s ]

[ 2016-01-09T09:21:25+08:00 ] 192.168.3.41 /index.php/Supplier/changeStatus/id/13/status/1.html
INFO: [ app_begin ] --START--
INFO: Run Behavior\ReadHtmlCacheBehavior [ RunTime:0.000589s ]
INFO: [ app_begin ] --END-- [ RunTime:0.000887s ]
SQL: SHOW COLUMNS FROM `supplier` [ RunTime:0.0006s ]
SQL: UPDATE `supplier` SET `STATUS`='1' WHERE `id` = 13 [ RunTime:0.0003s ]

[ 2016-01-09T09:26:33+08:00 ] 192.168.3.41 /index.php/Supplier/changeStatus/id/13/status/0.html
INFO: [ app_begin ] --START--
INFO: Run Behavior\ReadHtmlCacheBehavior [ RunTime:0.000592s ]
INFO: [ app_begin ] --END-- [ RunTime:0.000962s ]
SQL: SHOW COLUMNS FROM `supplier` [ RunTime:0.0005s ]
SQL: UPDATE `supplier` SET `STATUS`='0' WHERE `id` = 13 [ RunTime:0.0003s ]

[ 2016-01-09T09:26:49+08:00 ] 192.168.3.41 /index.php/Supplier/changeStatus/id/13/status/1.html
INFO: [ app_begin ] --START--
INFO: Run Behavior\ReadHtmlCacheBehavior [ RunTime:0.000530s ]
INFO: [ app_begin ] --END-- [ RunTime:0.000850s ]
SQL: SHOW COLUMNS FROM `supplier` [ RunTime:0.0008s ]
SQL: UPDATE `supplier` SET `STATUS`='1' WHERE `id` = 13 [ RunTime:0.0002s ]

[ 2016-01-09T09:27:00+08:00 ] 192.168.3.41 /index.php/Supplier/changeStatus/id/13/status/0.html
INFO: [ app_begin ] --START--
INFO: Run Behavior\ReadHtmlCacheBehavior [ RunTime:0.000449s ]
INFO: [ app_begin ] --END-- [ RunTime:0.000827s ]
SQL: SHOW COLUMNS FROM `supplier` [ RunTime:0.0006s ]
SQL: UPDATE `supplier` SET `STATUS`='0' WHERE `id` = 13 [ RunTime:0.0004s ]

[ 2016-01-09T09:27:02+08:00 ] 192.168.3.41 /index.php/Supplier/changeStatus/id/13/status/1.html
INFO: [ app_begin ] --START--
INFO: Run Behavior\ReadHtmlCacheBehavior [ RunTime:0.000433s ]
INFO: [ app_begin ] --END-- [ RunTime:0.000705s ]
SQL: SHOW COLUMNS FROM `supplier` [ RunTime:0.0006s ]
SQL: UPDATE `supplier` SET `STATUS`='1' WHERE `id` = 13 [ RunTime:0.0003s ]

[ 2016-01-09T09:28:38+08:00 ] 192.168.3.41 /index.php/Supplier/changeStatus/id/13/status/0.html
INFO: [ app_begin ] --START--
INFO: Run Behavior\ReadHtmlCacheBehavior [ RunTime:0.000403s ]
INFO: [ app_begin ] --END-- [ RunTime:0.000672s ]
SQL: SHOW COLUMNS FROM `supplier` [ RunTime:0.0006s ]
SQL: UPDATE `supplier` SET `STATUS`='0' WHERE `id` = 13 [ RunTime:0.0003s ]

[ 2016-01-09T09:28:46+08:00 ] 192.168.3.41 /index.php/Supplier/changeStatus/id/13/status/1.html
INFO: [ app_begin ] --START--
INFO: Run Behavior\ReadHtmlCacheBehavior [ RunTime:0.000434s ]
INFO: [ app_begin ] --END-- [ RunTime:0.000704s ]
SQL: SHOW COLUMNS FROM `supplier` [ RunTime:0.0006s ]
SQL: UPDATE `supplier` SET `STATUS`='1' WHERE `id` = 13 [ RunTime:0.0003s ]

[ 2016-01-09T09:29:01+08:00 ] 192.168.3.41 /index.php/Supplier/changeStatus/id/13/status/0.html
INFO: [ app_begin ] --START--
INFO: Run Behavior\ReadHtmlCacheBehavior [ RunTime:0.000407s ]
INFO: [ app_begin ] --END-- [ RunTime:0.000676s ]
SQL: SHOW COLUMNS FROM `supplier` [ RunTime:0.0006s ]
SQL: UPDATE `supplier` SET `STATUS`='0' WHERE `id` = 13 [ RunTime:0.0003s ]

[ 2016-01-09T09:44:17+08:00 ] 192.168.3.41 /index.php/Supplier/changeStatus/id/13.html
INFO: [ app_begin ] --START--
INFO: Run Behavior\ReadHtmlCacheBehavior [ RunTime:0.000419s ]
INFO: [ app_begin ] --END-- [ RunTime:0.000752s ]
SQL: SHOW COLUMNS FROM `supplier` [ RunTime:0.0006s ]
SQL: UPDATE `supplier` SET `STATUS`='-1' WHERE `id` = 13 [ RunTime:0.0003s ]

[ 2016-01-09T12:37:37+08:00 ] 192.168.3.41 /index.php/Supplier/index/p/1.html
ERR: 1146:Table 'shop.d_e_f_a_u_l_t__c_o_n_t_r_o_l_l_e_r' doesn't exist
 [ SQL语句 ] : SHOW COLUMNS FROM `d_e_f_a_u_l_t__c_o_n_t_r_o_l_l_e_r`

[ 2016-01-09T12:37:56+08:00 ] 192.168.3.41 /index.php/Supplier/index/p/1.html
ERR: 1146:Table 'shop.d_e_f_a_u_l_t__c_o_n_t_r_o_l_l_e_r' doesn't exist
 [ SQL语句 ] : SHOW COLUMNS FROM `d_e_f_a_u_l_t__c_o_n_t_r_o_l_l_e_r`

[ 2016-01-09T12:37:57+08:00 ] 192.168.3.41 /index.php/Supplier/index/p/1.html
ERR: 1146:Table 'shop.d_e_f_a_u_l_t__c_o_n_t_r_o_l_l_e_r' doesn't exist
 [ SQL语句 ] : SHOW COLUMNS FROM `d_e_f_a_u_l_t__c_o_n_t_r_o_l_l_e_r`

[ 2016-01-09T12:38:19+08:00 ] 192.168.3.41 /index.php/Supplier/index/p/1.html
ERR: 1146:Table 'shop.index' doesn't exist
 [ SQL语句 ] : SHOW COLUMNS FROM `index`

[ 2016-01-09T12:48:39+08:00 ] 192.168.3.41 /index.php/Supplier/addEdit.html
INFO: [ app_begin ] --START--
INFO: Run Behavior\ReadHtmlCacheBehavior [ RunTime:0.000394s ]
INFO: [ app_begin ] --END-- [ RunTime:0.000729s ]
SQL: SHOW COLUMNS FROM `supplier` [ RunTime:0.0007s ]
SQL: SELECT * FROM `supplier` WHERE `NAME` = '瓦洛兰大陆' AND `id` <> '8' LIMIT 1   [ RunTime:0.0003s ]
SQL: UPDATE `supplier` SET `NAME`='瓦洛兰大陆',`linkman`='小辉',`phonenumber`='17746786789',`sort`='22',`STATUS`='1',`intro`='魔兽世界特产供应11' WHERE `id` = 8 [ RunTime:0.0003s ]

[ 2016-01-09T12:48:55+08:00 ] 192.168.3.41 /index.php/Supplier/changeStatus/id/12.html
INFO: [ app_begin ] --START--
INFO: Run Behavior\ReadHtmlCacheBehavior [ RunTime:0.000537s ]
INFO: [ app_begin ] --END-- [ RunTime:0.000879s ]
SQL: SHOW COLUMNS FROM `supplier` [ RunTime:0.0007s ]
SQL: UPDATE `supplier` SET `STATUS`='-1' WHERE `id` = 12 [ RunTime:0.0003s ]

[ 2016-01-09T12:50:45+08:00 ] 192.168.3.41 /index.php/Supplier/addEdit.html
INFO: [ app_begin ] --START--
INFO: Run Behavior\ReadHtmlCacheBehavior [ RunTime:0.000412s ]
INFO: [ app_begin ] --END-- [ RunTime:0.000703s ]
SQL: SHOW COLUMNS FROM `supplier` [ RunTime:0.0006s ]
SQL: SELECT * FROM `supplier` WHERE `NAME` = '美人服饰' LIMIT 1   [ RunTime:0.0002s ]
SQL: INSERT INTO `supplier` (`NAME`,`linkman`,`phonenumber`,`sort`,`STATUS`,`intro`,`id`) VALUES ('美人服饰','娜美','14753058763','15','1','海族服饰批发','0') [ RunTime:0.0003s ]

[ 2016-01-09T12:56:27+08:00 ] 192.168.3.41 /index.php/Supplier/addEdit.html
INFO: [ app_begin ] --START--
INFO: Run Behavior\ReadHtmlCacheBehavior [ RunTime:0.000435s ]
INFO: [ app_begin ] --END-- [ RunTime:0.000726s ]
SQL: SHOW COLUMNS FROM `supplier` [ RunTime:0.0006s ]
SQL: SELECT * FROM `supplier` WHERE `NAME` = '瓦洛兰大陆' AND `id` <> '8' LIMIT 1   [ RunTime:0.0004s ]
SQL: UPDATE `supplier` SET `NAME`='瓦洛兰大陆',`linkman`='小辉',`phonenumber`='17746786789',`sort`='22',`STATUS`='1',`intro`='魔兽世界特产供应' WHERE `id` = 8 [ RunTime:0.0002s ]

[ 2016-01-09T13:02:36+08:00 ] 192.168.3.41 /index.php/Brand/index/p/2.html
ERR: 1146:Table 'shop.brand' doesn't exist
 [ SQL语句 ] : SHOW COLUMNS FROM `brand`

[ 2016-01-09T13:12:42+08:00 ] 192.168.3.41 /index.php/Brand/index/p/2.html
ERR: 1064:You have an error in your SQL syntax; check the manual that corresponds to your MySQL server version for the right syntax to use near '-5,5' at line 1
 [ SQL语句 ] : SELECT * FROM `brand` WHERE `status` > -1 LIMIT -5,5  

[ 2016-01-09T13:12:43+08:00 ] 192.168.3.41 /index.php/Brand/index/p/2.html
ERR: 1064:You have an error in your SQL syntax; check the manual that corresponds to your MySQL server version for the right syntax to use near '-5,5' at line 1
 [ SQL语句 ] : SELECT * FROM `brand` WHERE `status` > -1 LIMIT -5,5  

[ 2016-01-09T13:54:13+08:00 ] 192.168.3.41 /index.php/Supplier/addEdit.html
INFO: [ app_begin ] --START--
INFO: Run Behavior\ReadHtmlCacheBehavior [ RunTime:0.000572s ]
INFO: [ app_begin ] --END-- [ RunTime:0.000929s ]
SQL: SHOW COLUMNS FROM `supplier` [ RunTime:0.0006s ]
SQL: SELECT * FROM `supplier` WHERE `NAME` = '132' LIMIT 1   [ RunTime:0.0002s ]
SQL: INSERT INTO `supplier` (`NAME`,`linkman`,`phonenumber`,`sort`,`STATUS`,`intro`,`id`) VALUES ('132','44','12345654356','20','0','zsdfvb  ','0') [ RunTime:0.0002s ]

[ 2016-01-09T13:54:27+08:00 ] 192.168.3.41 /index.php/Supplier/addEdit.html
INFO: [ app_begin ] --START--
INFO: Run Behavior\ReadHtmlCacheBehavior [ RunTime:0.000385s ]
INFO: [ app_begin ] --END-- [ RunTime:0.000733s ]
SQL: SHOW COLUMNS FROM `supplier` [ RunTime:0.0006s ]
SQL: SELECT * FROM `supplier` WHERE `NAME` = '324' LIMIT 1   [ RunTime:0.0003s ]
SQL: INSERT INTO `supplier` (`NAME`,`linkman`,`phonenumber`,`sort`,`STATUS`,`intro`,`id`) VALUES ('324','qwergh','16735495637','20','1','14gb n hdb tjhg ','0') [ RunTime:0.0002s ]

[ 2016-01-09T13:54:41+08:00 ] 192.168.3.41 /index.php/Supplier/addEdit.html
INFO: [ app_begin ] --START--
INFO: Run Behavior\ReadHtmlCacheBehavior [ RunTime:0.000427s ]
INFO: [ app_begin ] --END-- [ RunTime:0.000708s ]
SQL: SHOW COLUMNS FROM `supplier` [ RunTime:0.0005s ]
SQL: SELECT * FROM `supplier` WHERE `NAME` = 'gh ' LIMIT 1   [ RunTime:0.0003s ]
SQL: INSERT INTO `supplier` (`NAME`,`linkman`,`phonenumber`,`sort`,`STATUS`,`intro`,`id`) VALUES ('gh ','sfdb ','11111111111','20','1','asfgv  ','0') [ RunTime:0.0002s ]

[ 2016-01-09T16:00:24+08:00 ] 192.168.3.41 /index.php/Supplier/addEdit.html
INFO: [ app_begin ] --START--
INFO: Run Behavior\ReadHtmlCacheBehavior [ RunTime:0.000371s ]
INFO: [ app_begin ] --END-- [ RunTime:0.000821s ]
SQL: SHOW COLUMNS FROM `supplier` [ RunTime:0.0006s ]
SQL: SELECT * FROM `supplier` WHERE `NAME` = '部落' AND `id` <> '1' LIMIT 1   [ RunTime:0.0003s ]
SQL: UPDATE `supplier` SET `NAME`='部落',`linkman`='隔壁老王',`phonenumber`='13645678983',`sort`='20',`STATUS`='0',`intro`='大漩涡供应商' WHERE `id` = 1 [ RunTime:0.0003s ]

[ 2016-01-09T16:00:32+08:00 ] 192.168.3.41 /index.php/Brand/addEdit.html
INFO: [ app_begin ] --START--
INFO: Run Behavior\ReadHtmlCacheBehavior [ RunTime:0.000417s ]
INFO: [ app_begin ] --END-- [ RunTime:0.000682s ]
SQL: SHOW COLUMNS FROM `brand` [ RunTime:0.0007s ]
SQL: SELECT * FROM `brand` WHERE `NAME` = '长虹' AND `id` <> '7' LIMIT 1   [ RunTime:0.0003s ]
SQL: UPDATE `brand` SET `NAME`='长虹',`url`='www.changhong.com',`logo`='',`sort`='15',`STATUS`='0',`intro`='长虹手机' WHERE `id` = 7 [ RunTime:0.0003s ]

[ 2016-01-09T16:01:00+08:00 ] 192.168.3.41 /index.php/Brand/addEdit.html
INFO: [ app_begin ] --START--
INFO: Run Behavior\ReadHtmlCacheBehavior [ RunTime:0.000376s ]
INFO: [ app_begin ] --END-- [ RunTime:0.000752s ]
SQL: SHOW COLUMNS FROM `brand` [ RunTime:0.0006s ]
SQL: SELECT * FROM `brand` WHERE `NAME` = '魅族' AND `id` <> '2' LIMIT 1   [ RunTime:0.0003s ]
SQL: UPDATE `brand` SET `NAME`='魅族',`url`='www.meizu.com',`logo`='',`sort`='15',`STATUS`='0',`intro`='魅族手机' WHERE `id` = 2 [ RunTime:0.0002s ]

[ 2016-01-09T16:01:05+08:00 ] 192.168.3.41 /index.php/Brand/changeStatus/id/6/status/0.html
INFO: [ app_begin ] --START--
INFO: Run Behavior\ReadHtmlCacheBehavior [ RunTime:0.000428s ]
INFO: [ app_begin ] --END-- [ RunTime:0.000753s ]
SQL: SHOW COLUMNS FROM `brand` [ RunTime:0.0008s ]
SQL: UPDATE `brand` SET `STATUS`='0' WHERE `id` IN ('6') [ RunTime:0.0004s ]

